<?xml version="1.0" encoding="UTF-8"?>
<!-- Generated by org.testng.reporters.JUnitXMLReporter -->
<testsuite hostname="172-31-69-192" ignored="2" name="Default test" tests="1" failures="0" timestamp="2022-11-21T12:40:29 UTC" time="15.191" errors="0">
  <testcase name="edge" time="15.078" classname="demoSelenium.Demo"/>
  <testcase name="ie" time="0.0" classname="demoSelenium.Demo">
    <ignored/>
  </testcase> <!-- ie -->
  <testcase name="chrome" time="0.0" classname="demoSelenium.Demo">
    <ignored/>
  </testcase> <!-- chrome -->
</testsuite> <!-- Default test -->
